<?xml version="1.0" encoding="UTF-8"?>
<!-- Generated by org.testng.reporters.JUnitReportReporter -->
<testsuite hostname="DESKTOP-80I711D" failures="0" tests="1" name="com.DummyJenkins.createCampaingn.CreateCapaignTest" time="2.484" errors="0" timestamp="2022-08-16T14:59:46 IST" skipped="0">
  <testcase classname="com.DummyJenkins.createCampaingn.CreateCapaignTest" name="createcampTest" time="2.484"/>
  <system-out/>
</testsuite> <!-- com.DummyJenkins.createCampaingn.CreateCapaignTest -->
